<?xml version="1.0" encoding="UTF-8"?>
<!-- Generated by org.testng.reporters.JUnitXMLReporter -->
<testsuite ignored="0" hostname="BLR1-LHP-N71333" failures="0" tests="3" name="Default test" time="5.598" errors="0" timestamp="2024-09-13T14:59:07 IST">
  <testcase classname="practrice1.firstRequests" name="getUser" time="3.549"/>
  <testcase classname="practrice1.firstRequests" name="postReqiuest" time="1.243"/>
  <testcase classname="practrice1.firstRequests" name="someMethod" time="0.732"/>
</testsuite> <!-- Default test -->
