<?xml version="1.0" encoding="UTF-8"?>
<testng-results ignored="0" total="3" passed="3" failed="0" skipped="0">
  <reporter-output>
  </reporter-output>
  <suite started-at="2024-09-13T14:59:02 IST" name="Default suite" finished-at="2024-09-13T14:59:07 IST" duration-ms="5598">
    <groups>
    </groups>
    <test started-at="2024-09-13T14:59:02 IST" name="Default test" finished-at="2024-09-13T14:59:07 IST" duration-ms="5598">
      <class name="practrice1.firstRequests">
        <test-method signature="getUser()[pri:0, instance:practrice1.firstRequests@4c1909a3]" started-at="2024-09-13T14:59:02 IST" name="getUser" finished-at="2024-09-13T14:59:05 IST" duration-ms="3549" status="PASS">
          <reporter-output>
          </reporter-output>
        </test-method> <!-- getUser -->
        <test-method signature="postReqiuest()[pri:0, instance:practrice1.firstRequests@4c1909a3]" started-at="2024-09-13T14:59:05 IST" name="postReqiuest" finished-at="2024-09-13T14:59:07 IST" duration-ms="1243" status="PASS">
          <reporter-output>
          </reporter-output>
        </test-method> <!-- postReqiuest -->
        <test-method signature="someMethod()[pri:0, instance:practrice1.firstRequests@4c1909a3]" started-at="2024-09-13T14:59:07 IST" name="someMethod" finished-at="2024-09-13T14:59:07 IST" duration-ms="732" status="PASS">
          <reporter-output>
          </reporter-output>
        </test-method> <!-- someMethod -->
      </class> <!-- practrice1.firstRequests -->
    </test> <!-- Default test -->
  </suite> <!-- Default suite -->
</testng-results>
